<?xml version="1.0" encoding="UTF-8"?>
<!-- Generated by org.testng.reporters.JUnitXMLReporter -->
<testsuite ignored="0" hostname="DESKTOP-NQO6M38" failures="0" tests="4" name="Default test" time="11.13" errors="0" timestamp="2024-07-21T11:24:25 IST">
  <testcase classname="api.test.UserTests2" name="testPostUser" time="3.862"/>
  <testcase classname="api.test.UserTests2" name="testGetUserByUsername" time="1.589"/>
  <testcase classname="api.test.UserTests2" name="testUpdateUserByUsername" time="2.952"/>
  <testcase classname="api.test.UserTests2" name="testDeleteUserByUsername" time="1.535"/>
</testsuite> <!-- Default test -->
