<?xml version="1.0" encoding="UTF-8"?>
<testng-results ignored="0" total="4" passed="4" failed="0" skipped="0">
  <reporter-output>
  </reporter-output>
  <suite started-at="2024-07-21T12:03:01 IST" name="PetSuite" finished-at="2024-07-21T12:03:11 IST" duration-ms="10597">
    <groups>
    </groups>
    <test started-at="2024-07-21T12:03:01 IST" name="PetTests" finished-at="2024-07-21T12:03:11 IST" duration-ms="10597">
      <class name="api.test.UserTests2">
        <test-method is-config="true" signature="setup()[pri:0, instance:api.test.UserTests2@14dd9eb7]" started-at="2024-07-21T12:03:01 IST" name="setup" finished-at="2024-07-21T12:03:02 IST" duration-ms="792" status="PASS">
          <reporter-output>
          </reporter-output>
        </test-method> <!-- setup -->
        <test-method signature="testPostUser()[pri:1, instance:api.test.UserTests2@14dd9eb7]" started-at="2024-07-21T12:03:02 IST" name="testPostUser" finished-at="2024-07-21T12:03:05 IST" duration-ms="3466" status="PASS">
          <reporter-output>
          </reporter-output>
        </test-method> <!-- testPostUser -->
        <test-method signature="testGetUserByUsername()[pri:2, instance:api.test.UserTests2@14dd9eb7]" started-at="2024-07-21T12:03:05 IST" name="testGetUserByUsername" finished-at="2024-07-21T12:03:07 IST" duration-ms="1635" status="PASS">
          <reporter-output>
          </reporter-output>
        </test-method> <!-- testGetUserByUsername -->
        <test-method signature="testUpdateUserByUsername()[pri:3, instance:api.test.UserTests2@14dd9eb7]" started-at="2024-07-21T12:03:07 IST" name="testUpdateUserByUsername" finished-at="2024-07-21T12:03:10 IST" duration-ms="2955" status="PASS">
          <reporter-output>
          </reporter-output>
        </test-method> <!-- testUpdateUserByUsername -->
        <test-method signature="testDeleteUserByUsername()[pri:4, instance:api.test.UserTests2@14dd9eb7]" started-at="2024-07-21T12:03:10 IST" name="testDeleteUserByUsername" finished-at="2024-07-21T12:03:11 IST" duration-ms="1449" status="PASS">
          <reporter-output>
          </reporter-output>
        </test-method> <!-- testDeleteUserByUsername -->
      </class> <!-- api.test.UserTests2 -->
    </test> <!-- PetTests -->
  </suite> <!-- PetSuite -->
</testng-results>
