<?xml version="1.0" encoding="UTF-8"?>
<testng-results ignored="0" total="4" passed="4" failed="0" skipped="0">
  <reporter-output>
  </reporter-output>
  <suite started-at="2024-07-21T11:24:14 IST" name="Default suite" finished-at="2024-07-21T11:24:25 IST" duration-ms="11130">
    <groups>
    </groups>
    <test started-at="2024-07-21T11:24:14 IST" name="Default test" finished-at="2024-07-21T11:24:25 IST" duration-ms="11130">
      <class name="api.test.UserTests2">
        <test-method is-config="true" signature="setup()[pri:0, instance:api.test.UserTests2@5fe94a96]" started-at="2024-07-21T11:24:14 IST" name="setup" finished-at="2024-07-21T11:24:15 IST" duration-ms="1082" status="PASS">
          <reporter-output>
          </reporter-output>
        </test-method> <!-- setup -->
        <test-method signature="testPostUser()[pri:1, instance:api.test.UserTests2@5fe94a96]" started-at="2024-07-21T11:24:15 IST" name="testPostUser" finished-at="2024-07-21T11:24:19 IST" duration-ms="3862" status="PASS">
          <reporter-output>
          </reporter-output>
        </test-method> <!-- testPostUser -->
        <test-method signature="testGetUserByUsername()[pri:2, instance:api.test.UserTests2@5fe94a96]" started-at="2024-07-21T11:24:19 IST" name="testGetUserByUsername" finished-at="2024-07-21T11:24:21 IST" duration-ms="1589" status="PASS">
          <reporter-output>
          </reporter-output>
        </test-method> <!-- testGetUserByUsername -->
        <test-method signature="testUpdateUserByUsername()[pri:3, instance:api.test.UserTests2@5fe94a96]" started-at="2024-07-21T11:24:21 IST" name="testUpdateUserByUsername" finished-at="2024-07-21T11:24:24 IST" duration-ms="2952" status="PASS">
          <reporter-output>
          </reporter-output>
        </test-method> <!-- testUpdateUserByUsername -->
        <test-method signature="testDeleteUserByUsername()[pri:4, instance:api.test.UserTests2@5fe94a96]" started-at="2024-07-21T11:24:24 IST" name="testDeleteUserByUsername" finished-at="2024-07-21T11:24:25 IST" duration-ms="1535" status="PASS">
          <reporter-output>
          </reporter-output>
        </test-method> <!-- testDeleteUserByUsername -->
      </class> <!-- api.test.UserTests2 -->
    </test> <!-- Default test -->
  </suite> <!-- Default suite -->
</testng-results>
