<?xml version="1.0" encoding="UTF-8"?>
<!-- Generated by org.testng.reporters.JUnitXMLReporter -->
<testsuite ignored="0" hostname="DESKTOP-NQO6M38" failures="0" tests="4" name="PetTests" time="10.597" errors="0" timestamp="2024-07-21T12:03:12 IST">
  <testcase classname="api.test.UserTests2" name="testPostUser" time="3.466"/>
  <testcase classname="api.test.UserTests2" name="testGetUserByUsername" time="1.635"/>
  <testcase classname="api.test.UserTests2" name="testUpdateUserByUsername" time="2.955"/>
  <testcase classname="api.test.UserTests2" name="testDeleteUserByUsername" time="1.449"/>
</testsuite> <!-- PetTests -->
