<?xml version="1.0" encoding="UTF-8"?>
<!-- Generated by org.testng.reporters.JUnitXMLReporter -->
<testsuite ignored="0" hostname="DESKTOP-NQO6M38" failures="0" tests="4" name="PetTests" time="10.755" errors="0" timestamp="2024-07-20T23:45:51 IST">
  <testcase classname="api.test.UserTests2" name="testPostUser" time="3.555"/>
  <testcase classname="api.test.UserTests2" name="testGetUserByUsername" time="1.514"/>
  <testcase classname="api.test.UserTests2" name="testUpdateUserByUsername" time="3.06"/>
  <testcase classname="api.test.UserTests2" name="testDeleteUserByUsername" time="1.346"/>
</testsuite> <!-- PetTests -->
